<?xml version="1.0" encoding="UTF-8"?>
<!-- Generated by org.testng.reporters.JUnitXMLReporter -->
<testsuite hostname="DESKTOP-2FSNI8M" ignored="0" name="Default test" tests="8" failures="0" timestamp="17 Jun 2022 08:11:46 GMT" time="48.23" errors="0">
  <testcase name="unameIsDisplayed" time="0.751" classname="com.TestLayer.multiwindosTest"/>
  <testcase name="unameIsEnabled" time="0.708" classname="com.TestLayer.multiwindosTest"/>
  <testcase name="unameTextbox" time="2.035" classname="com.TestLayer.multiwindosTest"/>
  <testcase name="passIsDisplayed" time="0.057" classname="com.TestLayer.multiwindosTest"/>
  <testcase name="passIsEnabled" time="0.032" classname="com.TestLayer.multiwindosTest"/>
  <testcase name="passTextbox" time="0.119" classname="com.TestLayer.multiwindosTest"/>
  <testcase name="submitBtn" time="2.094" classname="com.TestLayer.multiwindosTest"/>
  <testcase name="newWindowBtn" time="0.807" classname="com.TestLayer.multiwindosTest"/>
</testsuite> <!-- Default test -->
