<?xml version="1.0" encoding="UTF-8"?>
<!-- Generated by org.testng.reporters.JUnitXMLReporter -->
<testsuite hostname="DESKTOP-2FSNI8M" ignored="0" name="Default test" tests="8" failures="0" timestamp="14 Jun 2022 10:56:47 GMT" time="55.108" errors="0">
  <testcase name="unameIsDisplayed" time="0.85" classname="com.TestLayer.multiwindosTest"/>
  <testcase name="unameIsEnabled" time="0.086" classname="com.TestLayer.multiwindosTest"/>
  <testcase name="unameTextbox" time="0.435" classname="com.TestLayer.multiwindosTest"/>
  <testcase name="passIsDisplayed" time="0.095" classname="com.TestLayer.multiwindosTest"/>
  <testcase name="passIsEnabled" time="0.032" classname="com.TestLayer.multiwindosTest"/>
  <testcase name="passTextbox" time="0.128" classname="com.TestLayer.multiwindosTest"/>
  <testcase name="submitBtn" time="0.689" classname="com.TestLayer.multiwindosTest"/>
  <testcase name="newWindowBtn" time="0.485" classname="com.TestLayer.multiwindosTest"/>
</testsuite> <!-- Default test -->
