<?xml version="1.0" encoding="UTF-8"?>
<testng-results skipped="0" failed="0" ignored="0" total="8" passed="8">
  <reporter-output>
  </reporter-output>
  <suite name="Default suite" duration-ms="48230" started-at="2022-06-17T08:10:51Z" finished-at="2022-06-17T08:11:39Z">
    <groups>
    </groups>
    <test name="Default test" duration-ms="48230" started-at="2022-06-17T08:10:51Z" finished-at="2022-06-17T08:11:39Z">
      <class name="com.TestLayer.multiwindosTest">
        <test-method status="PASS" signature="setUp()[pri:0, instance:com.TestLayer.multiwindosTest@3b0143d3]" name="setUp" is-config="true" duration-ms="41515" started-at="2022-06-17T13:40:51Z" finished-at="2022-06-17T13:41:33Z">
          <reporter-output>
          </reporter-output>
        </test-method> <!-- setUp -->
        <test-method status="PASS" signature="unameIsDisplayed()[pri:1, instance:com.TestLayer.multiwindosTest@3b0143d3]" name="unameIsDisplayed" duration-ms="751" started-at="2022-06-17T13:41:33Z" finished-at="2022-06-17T13:41:33Z">
          <reporter-output>
          </reporter-output>
        </test-method> <!-- unameIsDisplayed -->
        <test-method status="PASS" signature="unameIsEnabled()[pri:2, instance:com.TestLayer.multiwindosTest@3b0143d3]" name="unameIsEnabled" duration-ms="708" started-at="2022-06-17T13:41:33Z" finished-at="2022-06-17T13:41:34Z">
          <reporter-output>
          </reporter-output>
        </test-method> <!-- unameIsEnabled -->
        <test-method status="PASS" signature="unameTextbox()[pri:3, instance:com.TestLayer.multiwindosTest@3b0143d3]" name="unameTextbox" duration-ms="2035" started-at="2022-06-17T13:41:34Z" finished-at="2022-06-17T13:41:36Z">
          <reporter-output>
          </reporter-output>
        </test-method> <!-- unameTextbox -->
        <test-method status="PASS" signature="passIsDisplayed()[pri:4, instance:com.TestLayer.multiwindosTest@3b0143d3]" name="passIsDisplayed" duration-ms="57" started-at="2022-06-17T13:41:36Z" finished-at="2022-06-17T13:41:36Z">
          <reporter-output>
          </reporter-output>
        </test-method> <!-- passIsDisplayed -->
        <test-method status="PASS" signature="passIsEnabled()[pri:5, instance:com.TestLayer.multiwindosTest@3b0143d3]" name="passIsEnabled" duration-ms="32" started-at="2022-06-17T13:41:36Z" finished-at="2022-06-17T13:41:36Z">
          <reporter-output>
          </reporter-output>
        </test-method> <!-- passIsEnabled -->
        <test-method status="PASS" signature="passTextbox()[pri:6, instance:com.TestLayer.multiwindosTest@3b0143d3]" name="passTextbox" duration-ms="119" started-at="2022-06-17T13:41:36Z" finished-at="2022-06-17T13:41:36Z">
          <reporter-output>
          </reporter-output>
        </test-method> <!-- passTextbox -->
        <test-method status="PASS" signature="submitBtn()[pri:7, instance:com.TestLayer.multiwindosTest@3b0143d3]" name="submitBtn" duration-ms="2094" started-at="2022-06-17T13:41:36Z" finished-at="2022-06-17T13:41:38Z">
          <reporter-output>
          </reporter-output>
        </test-method> <!-- submitBtn -->
        <test-method status="PASS" signature="newWindowBtn()[pri:8, instance:com.TestLayer.multiwindosTest@3b0143d3]" name="newWindowBtn" duration-ms="807" started-at="2022-06-17T13:41:38Z" finished-at="2022-06-17T13:41:39Z">
          <reporter-output>
          </reporter-output>
        </test-method> <!-- newWindowBtn -->
      </class> <!-- com.TestLayer.multiwindosTest -->
    </test> <!-- Default test -->
  </suite> <!-- Default suite -->
</testng-results>
